<?xml version="1.0" encoding="UTF-8"?>
<robot generator="Robot 3.2.1 (Python 3.8.3 on darwin)" generated="20200723 11:40:57.930" rpa="false">
<suite id="s1" name="Volunteers Wizard" source="/Users/kselvocki/github/Volunteers-for-Salesforce/robot/v4s/tests/browser/Contact/volunteers_wizard.robot">
<kw name="Run Keywords" library="BuiltIn" type="setup">
<doc>Executes all the given keywords in a sequence.</doc>
<arguments>
<arg>Open Test Browser</arg>
<arg>Setup Test Data</arg>
</arguments>
<kw name="Open Test Browser" library="Salesforce">
<doc>Opens a test browser to the org.</doc>
<kw name="Login Url" library="cumulusci.robotframework.CumulusCI">
<doc>Returns the login url which will automatically log into the target
Salesforce org.  By default, the org_name passed to the library
constructor is used but this can be overridden with the org option
to log into a different org.</doc>
<assign>
<var>${login_url}</var>
</assign>
<msg timestamp="20200723 11:40:58.306" level="INFO">${login_url} = https://innovation-fun-4211-dev-ed.cs2.my.salesforce.com//secur/frontdoor.jsp?sid=00DR00000022Rj1!AQgAQA1YYF30wBYdxP5fncnlph2xSJ74d5mlN9pcCmjudq31URT7voHapY6.UKgjMwmTNJVdo2trPmGlpVYLgC3jvIf8VayK</msg>
<status status="PASS" starttime="20200723 11:40:58.305" endtime="20200723 11:40:58.306"></status>
</kw>
<kw name="Run Keyword If" library="BuiltIn">
<doc>Runs the given keyword with the given arguments, if ``condition`` is true.</doc>
<arguments>
<arg>'${BROWSER}' == 'chrome'</arg>
<arg>Open Test Browser Chrome</arg>
<arg>${login_url}</arg>
<arg>alias=${alias}</arg>
<arg>ELSE IF</arg>
<arg>'${BROWSER}' == 'firefox'</arg>
<arg>Open Test Browser Firefox</arg>
<arg>${login_url}</arg>
<arg>alias=${alias}</arg>
<arg>ELSE IF</arg>
<arg>'${BROWSER}' == 'headlesschrome'</arg>
<arg>Open Test Browser Chrome</arg>
<arg>${login_url}</arg>
<arg>alias=${alias}</arg>
<arg>ELSE IF</arg>
<arg>'${BROWSER}' == 'headlessfirefox'</arg>
<arg>Open Test Browser Headless Firefox</arg>
<arg>${login_url}</arg>
<arg>alias=${alias}</arg>
<arg>ELSE</arg>
<arg>Open Browser</arg>
<arg>${login_url}</arg>
<arg>${BROWSER}</arg>
<arg>alias=${alias}</arg>
</arguments>
<kw name="Open Test Browser Chrome" library="Salesforce">
<doc>Opens a Chrome browser window and navigates to the org
This keyword isn't normally called directly by a test. It is used
by the `Open Test Browser` keyword.</doc>
<arguments>
<arg>${login_url}</arg>
<arg>alias=${alias}</arg>
</arguments>
<kw name="Get Chrome Options" library="Salesforce">
<doc>Returns a dictionary of chrome options, for use by the keyword `Open Test Browser`.</doc>
<assign>
<var>${options}</var>
</assign>
<kw name="Evaluate" library="BuiltIn">
<doc>Evaluates the given expression in Python and returns the result.</doc>
<arguments>
<arg>selenium.webdriver.ChromeOptions()</arg>
<arg>modules=selenium</arg>
</arguments>
<assign>
<var>${options}</var>
</assign>
<msg timestamp="20200723 11:40:58.307" level="INFO">${options} = &lt;selenium.webdriver.chrome.options.Options object at 0x107e72520&gt;</msg>
<status status="PASS" starttime="20200723 11:40:58.307" endtime="20200723 11:40:58.307"></status>
</kw>
<kw name="Run Keyword If" library="BuiltIn">
<doc>Runs the given keyword with the given arguments, if ``condition`` is true.</doc>
<arguments>
<arg>'${BROWSER}' == 'headlesschrome'</arg>
<arg>Chrome Set Headless</arg>
<arg>${options}</arg>
</arguments>
<status status="PASS" starttime="20200723 11:40:58.308" endtime="20200723 11:40:58.308"></status>
</kw>
<kw name="Run Keyword If" library="BuiltIn">
<doc>Runs the given keyword with the given arguments, if ``condition`` is true.</doc>
<arguments>
<arg>'${CHROME_BINARY}' != '${empty}'</arg>
<arg>Chrome Set Binary</arg>
<arg>${options}</arg>
</arguments>
<status status="PASS" starttime="20200723 11:40:58.308" endtime="20200723 11:40:58.308"></status>
</kw>
<kw name="Call Method" library="BuiltIn">
<doc>Calls the named method of the given object with the provided arguments.</doc>
<arguments>
<arg>${options}</arg>
<arg>add_argument</arg>
<arg>--disable-notifications</arg>
</arguments>
<status status="PASS" starttime="20200723 11:40:58.308" endtime="20200723 11:40:58.309"></status>
</kw>
<msg timestamp="20200723 11:40:58.309" level="INFO">${options} = &lt;selenium.webdriver.chrome.options.Options object at 0x107e72520&gt;</msg>
<status status="PASS" starttime="20200723 11:40:58.307" endtime="20200723 11:40:58.309"></status>
</kw>
<kw name="Create Webdriver With Retry" library="cumulusci.robotframework.Salesforce">
<doc>Call the Create Webdriver keyword.</doc>
<arguments>
<arg>Chrome</arg>
<arg>options=${options}</arg>
<arg>alias=${alias}</arg>
</arguments>
<msg timestamp="20200723 11:40:58.309" level="INFO">Creating an instance of the Chrome WebDriver.</msg>
<status status="PASS" starttime="20200723 11:40:58.309" endtime="20200723 11:41:00.982"></status>
</kw>
<kw name="Set Selenium Implicit Wait" library="SeleniumLibrary">
<doc>Sets the implicit wait value used by Selenium.</doc>
<arguments>
<arg>${IMPLICIT_WAIT}</arg>
</arguments>
<status status="PASS" starttime="20200723 11:41:00.983" endtime="20200723 11:41:00.986"></status>
</kw>
<kw name="Set Selenium Timeout" library="SeleniumLibrary">
<doc>Sets the timeout that is used by various keywords.</doc>
<arguments>
<arg>${TIMEOUT}</arg>
</arguments>
<status status="PASS" starttime="20200723 11:41:00.986" endtime="20200723 11:41:00.992"></status>
</kw>
<kw name="Go To" library="SeleniumLibrary">
<doc>Navigates the current browser window to the provided ``url``.</doc>
<arguments>
<arg>${login_url}</arg>
</arguments>
<msg timestamp="20200723 11:41:00.993" level="INFO">Opening url 'https://innovation-fun-4211-dev-ed.cs2.my.salesforce.com//secur/frontdoor.jsp?sid=00DR00000022Rj1!AQgAQA1YYF30wBYdxP5fncnlph2xSJ74d5mlN9pcCmjudq31URT7voHapY6.UKgjMwmTNJVdo2trPmGlpVYLgC3jvIf8VayK'</msg>
<status status="PASS" starttime="20200723 11:41:00.992" endtime="20200723 11:41:03.058"></status>
</kw>
<status status="PASS" starttime="20200723 11:40:58.306" endtime="20200723 11:41:03.058"></status>
</kw>
<status status="PASS" starttime="20200723 11:40:58.306" endtime="20200723 11:41:03.059"></status>
</kw>
<kw name="Convert To Boolean" library="BuiltIn">
<doc>Converts the given item to Boolean true or false.</doc>
<arguments>
<arg>${wait}</arg>
</arguments>
<assign>
<var>${should_wait}</var>
</assign>
<msg timestamp="20200723 11:41:03.059" level="INFO">${should_wait} = True</msg>
<status status="PASS" starttime="20200723 11:41:03.059" endtime="20200723 11:41:03.059"></status>
</kw>
<kw name="Run Keyword If" library="BuiltIn">
<doc>Runs the given keyword with the given arguments, if ``condition`` is true.</doc>
<arguments>
<arg>$should_wait</arg>
<arg>Wait Until Salesforce Is Ready</arg>
<arg>timeout=180</arg>
</arguments>
<kw name="Wait Until Salesforce Is Ready" library="cumulusci.robotframework.Salesforce">
<doc>Waits until we are able to render the initial salesforce landing page</doc>
<arguments>
<arg>timeout=180</arg>
</arguments>
<status status="PASS" starttime="20200723 11:41:03.064" endtime="20200723 11:41:08.254"></status>
</kw>
<status status="PASS" starttime="20200723 11:41:03.059" endtime="20200723 11:41:08.254"></status>
</kw>
<kw name="Set Selenium Timeout" library="SeleniumLibrary">
<doc>Sets the timeout that is used by various keywords.</doc>
<arguments>
<arg>${TIMEOUT}</arg>
</arguments>
<status status="PASS" starttime="20200723 11:41:08.254" endtime="20200723 11:41:08.256"></status>
</kw>
<kw name="Initialize Location Strategies" library="cumulusci.robotframework.Salesforce">
<doc>Initialize the Salesforce location strategies 'text' and 'title'
plus any strategies registered by other keyword libraries</doc>
<status status="PASS" starttime="20200723 11:41:08.256" endtime="20200723 11:41:08.261"></status>
</kw>
<kw name="Split String" library="String">
<doc>Splits the ``string`` using ``separator`` as a delimiter string.</doc>
<arguments>
<arg>${size}</arg>
<arg>separator=x</arg>
<arg>max_split=1</arg>
</arguments>
<assign>
<var>${width}</var>
<var>${height}</var>
</assign>
<msg timestamp="20200723 11:41:08.262" level="INFO">${width} = 1280</msg>
<msg timestamp="20200723 11:41:08.262" level="INFO">${height} = 1024</msg>
<status status="PASS" starttime="20200723 11:41:08.262" endtime="20200723 11:41:08.262"></status>
</kw>
<kw name="Set Window Size" library="SeleniumLibrary">
<doc>Sets current windows size to given ``width`` and ``height``.</doc>
<arguments>
<arg>${width}</arg>
<arg>${height}</arg>
</arguments>
<status status="PASS" starttime="20200723 11:41:08.263" endtime="20200723 11:41:08.457"></status>
</kw>
<kw name="Set Selenium Speed" library="SeleniumLibrary">
<doc>Sets the delay that is waited after each Selenium command.</doc>
<arguments>
<arg>${SELENIUM_SPEED}</arg>
</arguments>
<status status="PASS" starttime="20200723 11:41:08.457" endtime="20200723 11:41:08.458"></status>
</kw>
<kw name="Log Browser Capabilities" library="cumulusci.robotframework.Salesforce">
<doc>Logs all of the browser capabilities as reported by selenium</doc>
<msg timestamp="20200723 11:41:08.458" level="INFO">selenium browser capabilities:
{   'acceptInsecureCerts': False,
    'browserName': 'chrome',
    'browserVersion': '84.0.4147.89',
    'chrome': {   'chromedriverVersion': '83.0.4103.39 '
                                         '(ccbf011cb2d2b19b506d844400483861342c20cd-refs/branch-heads/4103@{#416})',
                  'userDataDir': '/var/folders/88/rs75dtz13wg6fz2x22cvdpp80000gq/T/.com.google.Chrome.wYvyi0'},
    'goog:chromeOptions': {'debuggerAddress': 'localhost:63800'},
    'networkConnectionEnabled': False,
    'pageLoadStrategy': 'normal',
    'platformName': 'mac os x',
    'proxy': {},
    'setWindowRect': True,
    'strictFileInteractability': False,
    'timeouts': {'implicit': 0, 'pageLoad': 300000, 'script': 30000},
    'unhandledPromptBehavior': 'dismiss and notify',
    'webauthn:virtualAuthenticators': True}</msg>
<status status="PASS" starttime="20200723 11:41:08.458" endtime="20200723 11:41:08.458"></status>
</kw>
<status status="PASS" starttime="20200723 11:40:58.305" endtime="20200723 11:41:08.458"></status>
</kw>
<kw name="Setup Test Data">
<kw name="Generate Random String" library="String">
<doc>Generates a string with a desired ``length`` from the given ``chars``.</doc>
<assign>
<var>${campaign_name}</var>
</assign>
<msg timestamp="20200723 11:41:08.459" level="INFO">${campaign_name} = rvtY5IIH</msg>
<status status="PASS" starttime="20200723 11:41:08.459" endtime="20200723 11:41:08.459"></status>
</kw>
<kw name="Set Suite Variable" library="BuiltIn">
<doc>Makes a variable available everywhere within the scope of the current suite.</doc>
<arguments>
<arg>${campaign_name}</arg>
</arguments>
<msg timestamp="20200723 11:41:08.460" level="INFO">${campaign_name} = rvtY5IIH</msg>
<status status="PASS" starttime="20200723 11:41:08.459" endtime="20200723 11:41:08.460"></status>
</kw>
<status status="PASS" starttime="20200723 11:41:08.459" endtime="20200723 11:41:08.460"></status>
</kw>
<status status="PASS" starttime="20200723 11:40:58.305" endtime="20200723 11:41:08.460"></status>
</kw>
<test id="s1-t1" name="Create a Campaign, Jobs, and Shifts via Volunteers Wizard">
<kw name="Go To VF Page">
<arguments>
<arg>Volunteers Wizard</arg>
</arguments>
<msg timestamp="20200723 11:41:08.470" level="FAIL">No keyword with name 'Go To VF Page' found. Did you mean:
    cumulusci.robotframework.PageObjects.Go To Page</msg>
<status status="FAIL" starttime="20200723 11:41:08.470" endtime="20200723 11:41:08.470"></status>
</kw>
<status status="FAIL" starttime="20200723 11:41:08.460" endtime="20200723 11:41:08.471" critical="yes">No keyword with name 'Go To VF Page' found. Did you mean:
    cumulusci.robotframework.PageObjects.Go To Page</status>
</test>
<kw name="Delete Records and Close Browser" library="Salesforce" type="teardown">
<doc>This will close all open browser windows and then delete
all records that were created with the Salesforce API during
this testing session.</doc>
<kw name="Close All Browsers" library="SeleniumLibrary">
<doc>Closes all open browsers and resets the browser cache.</doc>
<status status="PASS" starttime="20200723 11:41:08.473" endtime="20200723 11:41:08.571"></status>
</kw>
<kw name="Delete Session Records" library="cumulusci.robotframework.Salesforce">
<doc>Deletes records that were created while running this test case.</doc>
<msg timestamp="20200723 11:41:08.571" level="INFO">Deleting 0 records</msg>
<status status="PASS" starttime="20200723 11:41:08.571" endtime="20200723 11:41:08.572"></status>
</kw>
<status status="PASS" starttime="20200723 11:41:08.473" endtime="20200723 11:41:08.572"></status>
</kw>
<metadata>
<item name="Salesforce API Version">49</item>
</metadata>
<status status="FAIL" starttime="20200723 11:40:57.931" endtime="20200723 11:41:08.572"></status>
</suite>
<statistics>
<total>
<stat pass="0" fail="1">Critical Tests</stat>
<stat pass="0" fail="1">All Tests</stat>
</total>
<tag>
</tag>
<suite>
<stat pass="0" fail="1" id="s1" name="Volunteers Wizard">Volunteers Wizard</stat>
</suite>
</statistics>
<errors>
</errors>
</robot>
